TN:
SF:/Users/samilalisultanov/Desktop/projects/loftschool-2018/src/index.js
FN:15,returnFirstArgument
FN:33,sumWithDefaults
FN:45,returnFnResult
FN:62,returnCounter
FN:63,(anonymous_4)
FN:77,returnArgumentsArray
FN:96,bindFunction
FNF:7
FNH:1
FNDA:0,returnFirstArgument
FNDA:2,sumWithDefaults
FNDA:0,returnFnResult
FNDA:0,returnCounter
FNDA:0,(anonymous_4)
FNDA:0,returnArgumentsArray
FNDA:0,bindFunction
DA:16,0
DA:34,2
DA:46,0
DA:63,0
DA:64,0
DA:78,0
DA:97,0
LF:7
LH:1
BRDA:33,0,0,1
BRDA:62,1,0,0
BRF:2
BRH:1
end_of_record
