TN:
SF:/Users/samilalisultanov/Desktop/projects/loftschool-2018/src/index.js
FN:20,isAllTrue
FN:53,isSomeTrue
FN:81,returnBadArguments
FN:115,calculator
FNF:4
FNH:3
FNDA:7,isAllTrue
FNDA:6,isSomeTrue
FNDA:4,returnBadArguments
FNDA:0,calculator
DA:21,7
DA:22,3
DA:24,4
DA:25,1
DA:28,3
DA:29,15
DA:30,1
DA:34,2
DA:54,6
DA:55,3
DA:57,3
DA:58,1
DA:61,2
DA:62,15
DA:63,1
DA:67,1
DA:82,4
DA:83,1
DA:85,3
DA:87,3
DA:88,24
DA:89,24
DA:92,9
DA:95,3
DA:116,0
DA:117,0
DA:119,0
LF:27
LH:24
BRDA:21,0,0,3
BRDA:21,0,1,4
BRDA:21,1,0,7
BRDA:21,1,1,5
BRDA:24,2,0,1
BRDA:24,2,1,3
BRDA:29,3,0,1
BRDA:29,3,1,14
BRDA:54,4,0,3
BRDA:54,4,1,3
BRDA:54,5,0,6
BRDA:54,5,1,4
BRDA:57,6,0,1
BRDA:57,6,1,2
BRDA:62,7,0,1
BRDA:62,7,1,14
BRDA:82,8,0,1
BRDA:82,8,1,3
BRDA:115,9,0,0
BRDA:116,10,0,0
BRDA:116,10,1,0
BRF:21
BRH:18
end_of_record
